2025-11-14T01:48:22.287+05:30  INFO 13728 --- [Note-Vault] [main] c.g.noteVault.NoteTakerApplicationTests  : Starting NoteTakerApplicationTests using Java 17.0.12 with PID 13728 (started by Gauri in F:\Note-Vault)
2025-11-14T01:48:22.316+05:30 DEBUG 13728 --- [Note-Vault] [main] c.g.noteVault.NoteTakerApplicationTests  : Running with Spring Boot v3.3.5, Spring v6.1.14
2025-11-14T01:48:22.333+05:30  INFO 13728 --- [Note-Vault] [main] c.g.noteVault.NoteTakerApplicationTests  : No active profile set, falling back to 1 default profile: "default"
2025-11-14T01:48:30.525+05:30  INFO 13728 --- [Note-Vault] [main] .s.d.r.c.RepositoryConfigurationDelegate : Bootstrapping Spring Data JPA repositories in DEFAULT mode.
2025-11-14T01:48:31.277+05:30  INFO 13728 --- [Note-Vault] [main] .s.d.r.c.RepositoryConfigurationDelegate : Finished Spring Data repository scanning in 693 ms. Found 2 JPA repository interfaces.
2025-11-14T01:48:39.374+05:30  INFO 13728 --- [Note-Vault] [main] o.hibernate.jpa.internal.util.LogHelper  : HHH000204: Processing PersistenceUnitInfo [name: default]
2025-11-14T01:48:41.244+05:30  INFO 13728 --- [Note-Vault] [main] org.hibernate.Version                    : HHH000412: Hibernate ORM core version 6.5.3.Final
2025-11-14T01:48:41.504+05:30  INFO 13728 --- [Note-Vault] [main] o.h.c.internal.RegionFactoryInitiator    : HHH000026: Second-level cache disabled
2025-11-14T01:48:44.333+05:30  INFO 13728 --- [Note-Vault] [main] o.s.o.j.p.SpringPersistenceUnitInfo      : No LoadTimeWeaver setup: ignoring JPA class transformer
2025-11-14T01:48:44.632+05:30  INFO 13728 --- [Note-Vault] [main] com.zaxxer.hikari.HikariDataSource       : HikariPool-1 - Starting...
2025-11-14T01:48:45.771+05:30  INFO 13728 --- [Note-Vault] [main] com.zaxxer.hikari.pool.HikariPool        : HikariPool-1 - Added connection com.mysql.cj.jdbc.ConnectionImpl@2e929182
2025-11-14T01:48:45.787+05:30  INFO 13728 --- [Note-Vault] [main] com.zaxxer.hikari.HikariDataSource       : HikariPool-1 - Start completed.
2025-11-14T01:48:46.012+05:30  WARN 13728 --- [Note-Vault] [main] org.hibernate.orm.deprecation            : HHH90000025: MySQL8Dialect does not need to be specified explicitly using 'hibernate.dialect' (remove the property setting and it will be selected by default)
2025-11-14T01:48:46.022+05:30  WARN 13728 --- [Note-Vault] [main] org.hibernate.orm.deprecation            : HHH90000026: MySQL8Dialect has been deprecated; use org.hibernate.dialect.MySQLDialect instead
2025-11-14T01:48:52.651+05:30  INFO 13728 --- [Note-Vault] [main] o.h.e.t.j.p.i.JtaPlatformInitiator       : HHH000489: No JTA platform available (set 'hibernate.transaction.jta.platform' to enable JTA platform integration)
2025-11-14T01:48:53.128+05:30  INFO 13728 --- [Note-Vault] [main] j.LocalContainerEntityManagerFactoryBean : Initialized JPA EntityManagerFactory for persistence unit 'default'
2025-11-14T01:48:56.849+05:30  INFO 13728 --- [Note-Vault] [main] o.s.d.j.r.query.QueryEnhancerFactory     : Hibernate is in classpath; If applicable, HQL parser will be used.
2025-11-14T01:49:07.363+05:30  WARN 13728 --- [Note-Vault] [main] JpaBaseConfiguration$JpaWebConfiguration : spring.jpa.open-in-view is enabled by default. Therefore, database queries may be performed during view rendering. Explicitly configure spring.jpa.open-in-view to disable this warning
2025-11-14T01:49:07.485+05:30 DEBUG 13728 --- [Note-Vault] [main] swordEncoderAuthenticationManagerBuilder : No authenticationProviders and no parentAuthenticationManager defined. Returning null.
2025-11-14T01:49:11.373+05:30 DEBUG 13728 --- [Note-Vault] [main] o.s.s.web.DefaultSecurityFilterChain     : Will secure any request with filters: DisableEncodeUrlFilter, WebAsyncManagerIntegrationFilter, SecurityContextHolderFilter, HeaderWriterFilter, CorsFilter, LogoutFilter, JwtAuthFilter, RequestCacheAwareFilter, SecurityContextHolderAwareRequestFilter, AnonymousAuthenticationFilter, SessionManagementFilter, ExceptionTranslationFilter, AuthorizationFilter
2025-11-14T01:49:15.525+05:30  INFO 13728 --- [Note-Vault] [main] c.g.noteVault.NoteTakerApplicationTests  : Started NoteTakerApplicationTests in 55.791 seconds (process running for 62.693)
2025-11-14T01:49:18.242+05:30  INFO 13728 --- [Note-Vault] [SpringApplicationShutdownHook] j.LocalContainerEntityManagerFactoryBean : Closing JPA EntityManagerFactory for persistence unit 'default'
2025-11-14T01:49:18.279+05:30  INFO 13728 --- [Note-Vault] [SpringApplicationShutdownHook] com.zaxxer.hikari.HikariDataSource       : HikariPool-1 - Shutdown initiated...
2025-11-14T01:49:18.318+05:30  INFO 13728 --- [Note-Vault] [SpringApplicationShutdownHook] com.zaxxer.hikari.HikariDataSource       : HikariPool-1 - Shutdown completed.
2025-11-14T01:51:43.142+05:30  INFO 18400 --- [Note-Vault] [main] c.g.noteVault.NoteVaultApplicationTests  : Starting NoteVaultApplicationTests using Java 17.0.12 with PID 18400 (started by Gauri in F:\Note-Vault)
2025-11-14T01:51:43.148+05:30 DEBUG 18400 --- [Note-Vault] [main] c.g.noteVault.NoteVaultApplicationTests  : Running with Spring Boot v3.3.5, Spring v6.1.14
2025-11-14T01:51:43.152+05:30  INFO 18400 --- [Note-Vault] [main] c.g.noteVault.NoteVaultApplicationTests  : No active profile set, falling back to 1 default profile: "default"
2025-11-14T01:51:55.407+05:30  INFO 18400 --- [Note-Vault] [main] .s.d.r.c.RepositoryConfigurationDelegate : Bootstrapping Spring Data JPA repositories in DEFAULT mode.
2025-11-14T01:51:56.995+05:30  INFO 18400 --- [Note-Vault] [main] .s.d.r.c.RepositoryConfigurationDelegate : Finished Spring Data repository scanning in 1479 ms. Found 2 JPA repository interfaces.
2025-11-14T01:52:04.012+05:30  INFO 18400 --- [Note-Vault] [main] o.hibernate.jpa.internal.util.LogHelper  : HHH000204: Processing PersistenceUnitInfo [name: default]
2025-11-14T01:52:04.313+05:30  INFO 18400 --- [Note-Vault] [main] org.hibernate.Version                    : HHH000412: Hibernate ORM core version 6.5.3.Final
2025-11-14T01:52:04.532+05:30  INFO 18400 --- [Note-Vault] [main] o.h.c.internal.RegionFactoryInitiator    : HHH000026: Second-level cache disabled
2025-11-14T01:52:06.557+05:30  INFO 18400 --- [Note-Vault] [main] o.s.o.j.p.SpringPersistenceUnitInfo      : No LoadTimeWeaver setup: ignoring JPA class transformer
2025-11-14T01:52:06.804+05:30  INFO 18400 --- [Note-Vault] [main] com.zaxxer.hikari.HikariDataSource       : HikariPool-1 - Starting...
2025-11-14T01:52:07.927+05:30  INFO 18400 --- [Note-Vault] [main] com.zaxxer.hikari.pool.HikariPool        : HikariPool-1 - Added connection com.mysql.cj.jdbc.ConnectionImpl@5423a17
2025-11-14T01:52:07.935+05:30  INFO 18400 --- [Note-Vault] [main] com.zaxxer.hikari.HikariDataSource       : HikariPool-1 - Start completed.
2025-11-14T01:52:08.157+05:30  WARN 18400 --- [Note-Vault] [main] org.hibernate.orm.deprecation            : HHH90000025: MySQL8Dialect does not need to be specified explicitly using 'hibernate.dialect' (remove the property setting and it will be selected by default)
2025-11-14T01:52:08.162+05:30  WARN 18400 --- [Note-Vault] [main] org.hibernate.orm.deprecation            : HHH90000026: MySQL8Dialect has been deprecated; use org.hibernate.dialect.MySQLDialect instead
2025-11-14T01:52:12.917+05:30  INFO 18400 --- [Note-Vault] [main] o.h.e.t.j.p.i.JtaPlatformInitiator       : HHH000489: No JTA platform available (set 'hibernate.transaction.jta.platform' to enable JTA platform integration)
2025-11-14T01:52:13.324+05:30  INFO 18400 --- [Note-Vault] [main] j.LocalContainerEntityManagerFactoryBean : Initialized JPA EntityManagerFactory for persistence unit 'default'
2025-11-14T01:52:16.324+05:30  INFO 18400 --- [Note-Vault] [main] o.s.d.j.r.query.QueryEnhancerFactory     : Hibernate is in classpath; If applicable, HQL parser will be used.
2025-11-14T01:52:21.477+05:30  WARN 18400 --- [Note-Vault] [main] JpaBaseConfiguration$JpaWebConfiguration : spring.jpa.open-in-view is enabled by default. Therefore, database queries may be performed during view rendering. Explicitly configure spring.jpa.open-in-view to disable this warning
2025-11-14T01:52:21.642+05:30 DEBUG 18400 --- [Note-Vault] [main] swordEncoderAuthenticationManagerBuilder : No authenticationProviders and no parentAuthenticationManager defined. Returning null.
2025-11-14T01:52:24.226+05:30 DEBUG 18400 --- [Note-Vault] [main] o.s.s.web.DefaultSecurityFilterChain     : Will secure any request with filters: DisableEncodeUrlFilter, WebAsyncManagerIntegrationFilter, SecurityContextHolderFilter, HeaderWriterFilter, CorsFilter, LogoutFilter, JwtAuthFilter, RequestCacheAwareFilter, SecurityContextHolderAwareRequestFilter, AnonymousAuthenticationFilter, SessionManagementFilter, ExceptionTranslationFilter, AuthorizationFilter
2025-11-14T01:52:27.123+05:30  INFO 18400 --- [Note-Vault] [main] c.g.noteVault.NoteVaultApplicationTests  : Started NoteVaultApplicationTests in 46.252 seconds (process running for 52.612)
2025-11-14T01:52:29.805+05:30  INFO 18400 --- [Note-Vault] [SpringApplicationShutdownHook] j.LocalContainerEntityManagerFactoryBean : Closing JPA EntityManagerFactory for persistence unit 'default'
2025-11-14T01:52:29.816+05:30  INFO 18400 --- [Note-Vault] [SpringApplicationShutdownHook] com.zaxxer.hikari.HikariDataSource       : HikariPool-1 - Shutdown initiated...
2025-11-14T01:52:29.864+05:30  INFO 18400 --- [Note-Vault] [SpringApplicationShutdownHook] com.zaxxer.hikari.HikariDataSource       : HikariPool-1 - Shutdown completed.
2025-11-14T01:54:24.750+05:30  INFO 9680 --- [Note-Vault] [restartedMain] c.gauri.noteVault.NoteVaultApplication   : Starting NoteVaultApplication using Java 17.0.12 with PID 9680 (F:\Note-Vault\target\classes started by Gauri in F:\Note-Vault)
2025-11-14T01:54:24.791+05:30 DEBUG 9680 --- [Note-Vault] [restartedMain] c.gauri.noteVault.NoteVaultApplication   : Running with Spring Boot v3.3.5, Spring v6.1.14
2025-11-14T01:54:24.808+05:30  INFO 9680 --- [Note-Vault] [restartedMain] c.gauri.noteVault.NoteVaultApplication   : No active profile set, falling back to 1 default profile: "default"
2025-11-14T01:54:25.034+05:30  INFO 9680 --- [Note-Vault] [restartedMain] .e.DevToolsPropertyDefaultsPostProcessor : Devtools property defaults active! Set 'spring.devtools.add-properties' to 'false' to disable
2025-11-14T01:54:25.036+05:30  INFO 9680 --- [Note-Vault] [restartedMain] .e.DevToolsPropertyDefaultsPostProcessor : For additional web related logging consider setting the 'logging.level.web' property to 'DEBUG'
2025-11-14T01:54:27.902+05:30  INFO 9680 --- [Note-Vault] [restartedMain] .s.d.r.c.RepositoryConfigurationDelegate : Bootstrapping Spring Data JPA repositories in DEFAULT mode.
2025-11-14T01:54:28.159+05:30  INFO 9680 --- [Note-Vault] [restartedMain] .s.d.r.c.RepositoryConfigurationDelegate : Finished Spring Data repository scanning in 228 ms. Found 2 JPA repository interfaces.
2025-11-14T01:54:30.563+05:30  INFO 9680 --- [Note-Vault] [restartedMain] o.s.b.w.embedded.tomcat.TomcatWebServer  : Tomcat initialized with port 8080 (http)
2025-11-14T01:54:30.649+05:30  INFO 9680 --- [Note-Vault] [restartedMain] o.apache.catalina.core.StandardService   : Starting service [Tomcat]
2025-11-14T01:54:30.651+05:30  INFO 9680 --- [Note-Vault] [restartedMain] o.apache.catalina.core.StandardEngine    : Starting Servlet engine: [Apache Tomcat/10.1.31]
2025-11-14T01:54:30.883+05:30  INFO 9680 --- [Note-Vault] [restartedMain] o.a.c.c.C.[Tomcat].[localhost].[/]       : Initializing Spring embedded WebApplicationContext
2025-11-14T01:54:30.885+05:30  INFO 9680 --- [Note-Vault] [restartedMain] w.s.c.ServletWebServerApplicationContext : Root WebApplicationContext: initialization completed in 5845 ms
2025-11-14T01:54:31.430+05:30  INFO 9680 --- [Note-Vault] [restartedMain] o.hibernate.jpa.internal.util.LogHelper  : HHH000204: Processing PersistenceUnitInfo [name: default]
2025-11-14T01:54:31.642+05:30  INFO 9680 --- [Note-Vault] [restartedMain] org.hibernate.Version                    : HHH000412: Hibernate ORM core version 6.5.3.Final
2025-11-14T01:54:31.758+05:30  INFO 9680 --- [Note-Vault] [restartedMain] o.h.c.internal.RegionFactoryInitiator    : HHH000026: Second-level cache disabled
2025-11-14T01:54:32.905+05:30  INFO 9680 --- [Note-Vault] [restartedMain] o.s.o.j.p.SpringPersistenceUnitInfo      : No LoadTimeWeaver setup: ignoring JPA class transformer
2025-11-14T01:54:33.049+05:30  INFO 9680 --- [Note-Vault] [restartedMain] com.zaxxer.hikari.HikariDataSource       : HikariPool-1 - Starting...
2025-11-14T01:54:33.589+05:30  INFO 9680 --- [Note-Vault] [restartedMain] com.zaxxer.hikari.pool.HikariPool        : HikariPool-1 - Added connection com.mysql.cj.jdbc.ConnectionImpl@d94b983
2025-11-14T01:54:33.607+05:30  INFO 9680 --- [Note-Vault] [restartedMain] com.zaxxer.hikari.HikariDataSource       : HikariPool-1 - Start completed.
2025-11-14T01:54:33.806+05:30  WARN 9680 --- [Note-Vault] [restartedMain] org.hibernate.orm.deprecation            : HHH90000025: MySQL8Dialect does not need to be specified explicitly using 'hibernate.dialect' (remove the property setting and it will be selected by default)
2025-11-14T01:54:33.814+05:30  WARN 9680 --- [Note-Vault] [restartedMain] org.hibernate.orm.deprecation            : HHH90000026: MySQL8Dialect has been deprecated; use org.hibernate.dialect.MySQLDialect instead
2025-11-14T01:54:37.192+05:30  INFO 9680 --- [Note-Vault] [restartedMain] o.h.e.t.j.p.i.JtaPlatformInitiator       : HHH000489: No JTA platform available (set 'hibernate.transaction.jta.platform' to enable JTA platform integration)
2025-11-14T01:54:37.467+05:30  INFO 9680 --- [Note-Vault] [restartedMain] j.LocalContainerEntityManagerFactoryBean : Initialized JPA EntityManagerFactory for persistence unit 'default'
2025-11-14T01:54:38.538+05:30  INFO 9680 --- [Note-Vault] [restartedMain] o.s.d.j.r.query.QueryEnhancerFactory     : Hibernate is in classpath; If applicable, HQL parser will be used.
2025-11-14T01:54:41.196+05:30  WARN 9680 --- [Note-Vault] [restartedMain] JpaBaseConfiguration$JpaWebConfiguration : spring.jpa.open-in-view is enabled by default. Therefore, database queries may be performed during view rendering. Explicitly configure spring.jpa.open-in-view to disable this warning
2025-11-14T01:54:41.257+05:30 DEBUG 9680 --- [Note-Vault] [restartedMain] swordEncoderAuthenticationManagerBuilder : No authenticationProviders and no parentAuthenticationManager defined. Returning null.
2025-11-14T01:54:42.272+05:30 DEBUG 9680 --- [Note-Vault] [restartedMain] o.s.s.web.DefaultSecurityFilterChain     : Will secure any request with filters: DisableEncodeUrlFilter, WebAsyncManagerIntegrationFilter, SecurityContextHolderFilter, HeaderWriterFilter, CorsFilter, LogoutFilter, JwtAuthFilter, RequestCacheAwareFilter, SecurityContextHolderAwareRequestFilter, AnonymousAuthenticationFilter, SessionManagementFilter, ExceptionTranslationFilter, AuthorizationFilter
2025-11-14T01:54:43.029+05:30  INFO 9680 --- [Note-Vault] [restartedMain] o.s.b.d.a.OptionalLiveReloadServer       : LiveReload server is running on port 35729
2025-11-14T01:54:43.169+05:30  INFO 9680 --- [Note-Vault] [restartedMain] o.s.b.w.embedded.tomcat.TomcatWebServer  : Tomcat started on port 8080 (http) with context path '/'
2025-11-14T01:54:43.231+05:30  INFO 9680 --- [Note-Vault] [restartedMain] c.gauri.noteVault.NoteVaultApplication   : Started NoteVaultApplication in 20.04 seconds (process running for 21.701)
